#
# A fatal error has been detected by the Java Runtime Environment:
#
#  EXCEPTION_ACCESS_VIOLATION (0xc0000005) at pc=0x000000006e5d8845, pid=8296, tid=6548
#
# JRE version: Java(TM) SE Runtime Environment (8.0_60-b27) (build 1.8.0_60-b27)
# Java VM: Java HotSpot(TM) 64-Bit Server VM (25.60-b23 mixed mode windows-amd64 compressed oops)
# Problematic frame:
# V  [jvm.dll+0x128845]
#
# Failed to write core dump. Minidumps are not enabled by default on client versions of Windows
#
# If you would like to submit a bug report, please visit:
#   http://bugreport.java.com/bugreport/crash.jsp
#

---------------  T H R E A D  ---------------

Current thread (0x00000000151b0800):  JavaThread "JDWP Transport Listener: dt_socket" daemon [_thread_in_vm, id=6548, stack(0x00000000167d0000,0x00000000168d0000)]

siginfo: ExceptionCode=0xc0000005, reading address 0xffffffffffffffff

Registers:
RAX=0x00000000168cf701, RBX=0x00000000151b0800, RCX=0x4b543c6564003b3e, RDX=0x0000000000000000
RSP=0x00000000168cf6b0, RBP=0x4b543c6564003b3e, RSI=0x00000000168cf7c8, RDI=0x0000000002aa8a40
R8 =0x00000000151b0800, R9 =0x0000000000008000, R10=0x0000000000000000, R11=0x000000001770e98b
R12=0x0000000000000000, R13=0x00000000151acbf8, R14=0x0000000000000000, R15=0x0000000000000000
RIP=0x000000006e5d8845, EFLAGS=0x0000000000010202

Top of Stack: (sp=0x00000000168cf6b0)
0x00000000168cf6b0:   00000000151b0800 00000000151b0800
0x00000000168cf6c0:   00000000168cf778 000000006e7de18b
0x00000000168cf6d0:   00000000151b0800 000000006e7fa9ed
0x00000000168cf6e0:   0000000000000000 000000006f829155
0x00000000168cf6f0:   0000000016e1ec68 000000006f83291e
0x00000000168cf700:   00000000151b0800 0000000000000000
0x00000000168cf710:   0000000000000000 0000000000000000
0x00000000168cf720:   4b543c6564003b3e 000000006f831a15
0x00000000168cf730:   00000000168cf7c8 00000000168cf7a0
0x00000000168cf740:   0000000000000001 0000000016e1ec68
0x00000000168cf750:   4b543c6564003b3e 000000006f8153b3
0x00000000168cf760:   00000000168cf890 0000000000000001
0x00000000168cf770:   0000000000000001 0000000016e1ec68
0x00000000168cf780:   0000000000000009 0000000000000000
0x00000000168cf790:   0000000000000000 0000000000000000
0x00000000168cf7a0:   0000000000000001 000000006f815571 

Instructions: (pc=0x000000006e5d8845)
0x000000006e5d8825:   cc cc cc cc cc cc cc cc cc cc cc 48 83 ec 28 48
0x000000006e5d8835:   85 c9 75 07 33 c0 48 83 c4 28 c3 48 89 5c 24 20
0x000000006e5d8845:   48 8b 19 48 85 db 74 20 48 83 fb 37 74 1a 48 8b
0x000000006e5d8855:   13 48 8b cb ff 52 10 84 c0 74 0d 48 8b c3 48 8b 


Register to memory mapping:

RAX=0x00000000168cf701 is pointing into the stack for thread: 0x00000000151b0800
RBX=0x00000000151b0800 is a thread
RCX=0x4b543c6564003b3e is an unknown value
RDX=0x0000000000000000 is an unknown value
RSP=0x00000000168cf6b0 is pointing into the stack for thread: 0x00000000151b0800
RBP=0x4b543c6564003b3e is an unknown value
RSI=0x00000000168cf7c8 is pointing into the stack for thread: 0x00000000151b0800
RDI=0x0000000002aa8a40 is an unknown value
R8 =0x00000000151b0800 is a thread
R9 =0x0000000000008000 is an unknown value
R10=0x0000000000000000 is an unknown value
R11=0x000000001770e98b is an unknown value
R12=0x0000000000000000 is an unknown value
R13=0x00000000151acbf8 is an unknown value
R14=0x0000000000000000 is an unknown value
R15=0x0000000000000000 is an unknown value


Stack: [0x00000000167d0000,0x00000000168d0000],  sp=0x00000000168cf6b0,  free space=1021k
Native frames: (J=compiled Java code, j=interpreted, Vv=VM code, C=native code)
V  [jvm.dll+0x128845]
V  [jvm.dll+0x34a9ed]
C  [jdwp.dll+0x21a15]
C  [jdwp.dll+0x53b3]
C  [jdwp.dll+0x5571]
C  [jdwp.dll+0xf0a8]
C  [jdwp.dll+0x1f2d5]
C  [jdwp.dll+0x1f4aa]
V  [jvm.dll+0x1bb8e8]
V  [jvm.dll+0x243134]
V  [jvm.dll+0x299f6a]
C  [msvcr100.dll+0x21d9f]
C  [msvcr100.dll+0x21e3b]
C  [KERNEL32.DLL+0x13d2]
C  [ntdll.dll+0x154f4]


---------------  P R O C E S S  ---------------

Java Threads: ( => current thread )
  0x0000000016e1b000 JavaThread "Service Thread" daemon [_thread_blocked, id=9084, stack(0x00000000171d0000,0x00000000172d0000)]
  0x00000000151c5000 JavaThread "C1 CompilerThread2" daemon [_thread_blocked, id=5944, stack(0x0000000016cd0000,0x0000000016dd0000)]
  0x00000000151cb000 JavaThread "C2 CompilerThread1" daemon [_thread_blocked, id=6068, stack(0x0000000016bd0000,0x0000000016cd0000)]
  0x00000000151d2000 JavaThread "C2 CompilerThread0" daemon [_thread_blocked, id=11080, stack(0x0000000016ad0000,0x0000000016bd0000)]
  0x00000000151c1000 JavaThread "JDWP Command Reader" daemon [_thread_in_native, id=2004, stack(0x00000000169d0000,0x0000000016ad0000)]
  0x00000000151b4000 JavaThread "JDWP Event Helper Thread" daemon [_thread_blocked, id=524, stack(0x00000000168d0000,0x00000000169d0000)]
=>0x00000000151b0800 JavaThread "JDWP Transport Listener: dt_socket" daemon [_thread_in_vm, id=6548, stack(0x00000000167d0000,0x00000000168d0000)]
  0x0000000015199800 JavaThread "Attach Listener" daemon [_thread_blocked, id=9572, stack(0x00000000166d0000,0x00000000167d0000)]
  0x0000000015198800 JavaThread "Signal Dispatcher" daemon [_thread_blocked, id=9100, stack(0x00000000165d0000,0x00000000166d0000)]
  0x0000000002ba8000 JavaThread "Finalizer" daemon [_thread_blocked, id=11144, stack(0x00000000163f0000,0x00000000164f0000)]
  0x0000000015169000 JavaThread "Reference Handler" daemon [_thread_blocked, id=5784, stack(0x00000000162f0000,0x00000000163f0000)]
  0x0000000002ab2800 JavaThread "main" [_thread_blocked, id=2448, stack(0x00000000029a0000,0x0000000002aa0000)]

Other Threads:
  0x0000000015167800 VMThread [stack: 0x00000000161f0000,0x00000000162f0000] [id=8844]
  0x0000000016e27800 WatcherThread [stack: 0x00000000172d0000,0x00000000173d0000] [id=4452]

VM state:not at safepoint (normal execution)

VM Mutex/Monitor currently owned by a thread: None

Heap:
 PSYoungGen      total 178688K, used 37158K [0x00000000eb300000, 0x00000000f6380000, 0x0000000100000000)
  eden space 176640K, 21% used [0x00000000eb300000,0x00000000ed739a28,0x00000000f5f80000)
  from space 2048K, 3% used [0x00000000f6180000,0x00000000f6190000,0x00000000f6380000)
  to   space 2048K, 0% used [0x00000000f5f80000,0x00000000f5f80000,0x00000000f6180000)
 ParOldGen       total 77312K, used 33027K [0x00000000c1800000, 0x00000000c6380000, 0x00000000eb300000)
  object space 77312K, 42% used [0x00000000c1800000,0x00000000c3840d98,0x00000000c6380000)
 Metaspace       used 4910K, capacity 5082K, committed 5248K, reserved 1056768K
  class space    used 554K, capacity 600K, committed 640K, reserved 1048576K

Card table byte_map: [0x0000000011f70000,0x0000000012170000] byte_map_base: 0x0000000011964000

Marking Bits: (ParMarkBitMap*) 0x000000006ecba5b0
 Begin Bits: [0x00000000126c0000, 0x0000000013660000)
 End Bits:   [0x0000000013660000, 0x0000000014600000)

Polling page: 0x0000000001100000

CodeCache: size=245760Kb used=2708Kb max_used=2722Kb free=243051Kb
 bounds [0x0000000002bb0000, 0x0000000002e60000, 0x0000000011bb0000]
 total_blobs=834 nmethods=565 adapters=190
 compilation: enabled

Compilation events (10 events):
Event: 3.160 Thread 0x00000000151c5000  568 %     3       AutoCorrect::getBestLevensteins @ 48 (206 bytes)
Event: 3.162 Thread 0x00000000151c5000 nmethod 568% 0x0000000002e43550 code [0x0000000002e438a0, 0x0000000002e45358]
Event: 3.168 Thread 0x00000000151c5000  569       3       AutoCorrect::getBestLevensteins (206 bytes)
Event: 3.169 Thread 0x00000000151c5000 nmethod 569 0x0000000002e30e10 code [0x0000000002e31160, 0x0000000002e32af8]
Event: 3.531 Thread 0x00000000151d2000  570 %     4       AutoCorrect::getBestLevensteins @ 48 (206 bytes)
Event: 3.548 Thread 0x00000000151d2000 nmethod 570% 0x0000000002e49c10 code [0x0000000002e49e00, 0x0000000002e4aac0]
Event: 4.434 Thread 0x00000000151c5000  571 %     3       AutoCorrect::getBestLevensteins @ 48 (206 bytes)
Event: 4.435 Thread 0x00000000151c5000 nmethod 571% 0x0000000002e56390 code [0x0000000002e566e0, 0x0000000002e58158]
Event: 4.815 Thread 0x00000000151cb000  572 %     4       AutoCorrect::getBestLevensteins @ 48 (206 bytes)
Event: 4.835 Thread 0x00000000151cb000 nmethod 572% 0x0000000002e54450 code [0x0000000002e54660, 0x0000000002e55610]

GC Heap History (10 events):
Event: 4.651 GC heap before
{Heap before GC invocations=41 (full 1):
 PSYoungGen      total 174592K, used 171072K [0x00000000eb300000, 0x00000000f6200000, 0x0000000100000000)
  eden space 171008K, 100% used [0x00000000eb300000,0x00000000f5a00000,0x00000000f5a00000)
  from space 3584K, 1% used [0x00000000f5a00000,0x00000000f5a10000,0x00000000f5d80000)
  to   space 3072K, 0% used [0x00000000f5f00000,0x00000000f5f00000,0x00000000f6200000)
 ParOldGen       total 77312K, used 33027K [0x00000000c1800000, 0x00000000c6380000, 0x00000000eb300000)
  object space 77312K, 42% used [0x00000000c1800000,0x00000000c3840d98,0x00000000c6380000)
 Metaspace       used 4823K, capacity 5002K, committed 5248K, reserved 1056768K
  class space    used 541K, capacity 594K, committed 640K, reserved 1048576K
Event: 4.652 GC heap after
Heap after GC invocations=41 (full 1):
 PSYoungGen      total 176128K, used 64K [0x00000000eb300000, 0x00000000f6200000, 0x0000000100000000)
  eden space 173056K, 0% used [0x00000000eb300000,0x00000000eb300000,0x00000000f5c00000)
  from space 3072K, 2% used [0x00000000f5f00000,0x00000000f5f10000,0x00000000f6200000)
  to   space 3072K, 0% used [0x00000000f5c00000,0x00000000f5c00000,0x00000000f5f00000)
 ParOldGen       total 77312K, used 33027K [0x00000000c1800000, 0x00000000c6380000, 0x00000000eb300000)
  object space 77312K, 42% used [0x00000000c1800000,0x00000000c3840d98,0x00000000c6380000)
 Metaspace       used 4823K, capacity 5002K, committed 5248K, reserved 1056768K
  class space    used 541K, capacity 594K, committed 640K, reserved 1048576K
}
Event: 4.706 GC heap before
{Heap before GC invocations=42 (full 1):
 PSYoungGen      total 176128K, used 173120K [0x00000000eb300000, 0x00000000f6200000, 0x0000000100000000)
  eden space 173056K, 100% used [0x00000000eb300000,0x00000000f5c00000,0x00000000f5c00000)
  from space 3072K, 2% used [0x00000000f5f00000,0x00000000f5f10000,0x00000000f6200000)
  to   space 3072K, 0% used [0x00000000f5c00000,0x00000000f5c00000,0x00000000f5f00000)
 ParOldGen       total 77312K, used 33027K [0x00000000c1800000, 0x00000000c6380000, 0x00000000eb300000)
  object space 77312K, 42% used [0x00000000c1800000,0x00000000c3840d98,0x00000000c6380000)
 Metaspace       used 4823K, capacity 5002K, committed 5248K, reserved 1056768K
  class space    used 541K, capacity 594K, committed 640K, reserved 1048576K
Event: 4.706 GC heap after
Heap after GC invocations=42 (full 1):
 PSYoungGen      total 176128K, used 96K [0x00000000eb300000, 0x00000000f6280000, 0x0000000100000000)
  eden space 173056K, 0% used [0x00000000eb300000,0x00000000eb300000,0x00000000f5c00000)
  from space 3072K, 3% used [0x00000000f5c00000,0x00000000f5c18000,0x00000000f5f00000)
  to   space 2560K, 0% used [0x00000000f6000000,0x00000000f6000000,0x00000000f6280000)
 ParOldGen       total 77312K, used 33027K [0x00000000c1800000, 0x00000000c6380000, 0x00000000eb300000)
  object space 77312K, 42% used [0x00000000c1800000,0x00000000c3840d98,0x00000000c6380000)
 Metaspace       used 4823K, capacity 5002K, committed 5248K, reserved 1056768K
  class space    used 541K, capacity 594K, committed 640K, reserved 1048576K
}
Event: 4.759 GC heap before
{Heap before GC invocations=43 (full 1):
 PSYoungGen      total 176128K, used 173152K [0x00000000eb300000, 0x00000000f6280000, 0x0000000100000000)
  eden space 173056K, 100% used [0x00000000eb300000,0x00000000f5c00000,0x00000000f5c00000)
  from space 3072K, 3% used [0x00000000f5c00000,0x00000000f5c18000,0x00000000f5f00000)
  to   space 2560K, 0% used [0x00000000f6000000,0x00000000f6000000,0x00000000f6280000)
 ParOldGen       total 77312K, used 33027K [0x00000000c1800000, 0x00000000c6380000, 0x00000000eb300000)
  object space 77312K, 42% used [0x00000000c1800000,0x00000000c3840d98,0x00000000c6380000)
 Metaspace       used 4823K, capacity 5002K, committed 5248K, reserved 1056768K
  class space    used 541K, capacity 594K, committed 640K, reserved 1048576K
Event: 4.760 GC heap after
Heap after GC invocations=43 (full 1):
 PSYoungGen      total 177152K, used 96K [0x00000000eb300000, 0x00000000f6300000, 0x0000000100000000)
  eden space 174592K, 0% used [0x00000000eb300000,0x00000000eb300000,0x00000000f5d80000)
  from space 2560K, 3% used [0x00000000f6000000,0x00000000f6018000,0x00000000f6280000)
  to   space 2560K, 0% used [0x00000000f5d80000,0x00000000f5d80000,0x00000000f6000000)
 ParOldGen       total 77312K, used 33027K [0x00000000c1800000, 0x00000000c6380000, 0x00000000eb300000)
  object space 77312K, 42% used [0x00000000c1800000,0x00000000c3840d98,0x00000000c6380000)
 Metaspace       used 4823K, capacity 5002K, committed 5248K, reserved 1056768K
  class space    used 541K, capacity 594K, committed 640K, reserved 1048576K
}
Event: 4.817 GC heap before
{Heap before GC invocations=44 (full 1):
 PSYoungGen      total 177152K, used 174688K [0x00000000eb300000, 0x00000000f6300000, 0x0000000100000000)
  eden space 174592K, 100% used [0x00000000eb300000,0x00000000f5d80000,0x00000000f5d80000)
  from space 2560K, 3% used [0x00000000f6000000,0x00000000f6018000,0x00000000f6280000)
  to   space 2560K, 0% used [0x00000000f5d80000,0x00000000f5d80000,0x00000000f6000000)
 ParOldGen       total 77312K, used 33027K [0x00000000c1800000, 0x00000000c6380000, 0x00000000eb300000)
  object space 77312K, 42% used [0x00000000c1800000,0x00000000c3840d98,0x00000000c6380000)
 Metaspace       used 4823K, capacity 5002K, committed 5248K, reserved 1056768K
  class space    used 541K, capacity 594K, committed 640K, reserved 1048576K
Event: 4.818 GC heap after
Heap after GC invocations=44 (full 1):
 PSYoungGen      total 177152K, used 64K [0x00000000eb300000, 0x00000000f6400000, 0x0000000100000000)
  eden space 174592K, 0% used [0x00000000eb300000,0x00000000eb300000,0x00000000f5d80000)
  from space 2560K, 2% used [0x00000000f5d80000,0x00000000f5d90000,0x00000000f6000000)
  to   space 2560K, 0% used [0x00000000f6180000,0x00000000f6180000,0x00000000f6400000)
 ParOldGen       total 77312K, used 33027K [0x00000000c1800000, 0x00000000c6380000, 0x00000000eb300000)
  object space 77312K, 42% used [0x00000000c1800000,0x00000000c3840d98,0x00000000c6380000)
 Metaspace       used 4823K, capacity 5002K, committed 5248K, reserved 1056768K
  class space    used 541K, capacity 594K, committed 640K, reserved 1048576K
}
Event: 4.882 GC heap before
{Heap before GC invocations=45 (full 1):
 PSYoungGen      total 177152K, used 174656K [0x00000000eb300000, 0x00000000f6400000, 0x0000000100000000)
  eden space 174592K, 100% used [0x00000000eb300000,0x00000000f5d80000,0x00000000f5d80000)
  from space 2560K, 2% used [0x00000000f5d80000,0x00000000f5d90000,0x00000000f6000000)
  to   space 2560K, 0% used [0x00000000f6180000,0x00000000f6180000,0x00000000f6400000)
 ParOldGen       total 77312K, used 33027K [0x00000000c1800000, 0x00000000c6380000, 0x00000000eb300000)
  object space 77312K, 42% used [0x00000000c1800000,0x00000000c3840d98,0x00000000c6380000)
 Metaspace       used 4823K, capacity 5002K, committed 5248K, reserved 1056768K
  class space    used 541K, capacity 594K, committed 640K, reserved 1048576K
Event: 4.883 GC heap after
Heap after GC invocations=45 (full 1):
 PSYoungGen      total 178688K, used 64K [0x00000000eb300000, 0x00000000f6380000, 0x0000000100000000)
  eden space 176640K, 0% used [0x00000000eb300000,0x00000000eb300000,0x00000000f5f80000)
  from space 2048K, 3% used [0x00000000f6180000,0x00000000f6190000,0x00000000f6380000)
  to   space 2048K, 0% used [0x00000000f5f80000,0x00000000f5f80000,0x00000000f6180000)
 ParOldGen       total 77312K, used 33027K [0x00000000c1800000, 0x00000000c6380000, 0x00000000eb300000)
  object space 77312K, 42% used [0x00000000c1800000,0x00000000c3840d98,0x00000000c6380000)
 Metaspace       used 4823K, capacity 5002K, committed 5248K, reserved 1056768K
  class space    used 541K, capacity 594K, committed 640K, reserved 1048576K
}

Deoptimization events (10 events):
Event: 1.262 Thread 0x0000000002ab2800 Uncommon trap: reason=unstable_if action=reinterpret pc=0x0000000002d3fd68 method=java.util.HashMap.getNode(ILjava/lang/Object;)Ljava/util/HashMap$Node; @ 62
Event: 1.559 Thread 0x0000000002ab2800 Uncommon trap: reason=unstable_if action=reinterpret pc=0x0000000002da4e7c method=java.util.Scanner.hasNext()Z @ 12
Event: 1.642 Thread 0x0000000002ab2800 Uncommon trap: reason=unstable_if action=reinterpret pc=0x0000000002dc2d0c method=java.util.HashMap$HashIterator.nextNode()Ljava/util/HashMap$Node; @ 74
Event: 1.642 Thread 0x0000000002ab2800 Uncommon trap: reason=unstable_if action=reinterpret pc=0x0000000002cfb218 method=java.util.HashMap$HashIterator.hasNext()Z @ 4
Event: 1.669 Thread 0x0000000002ab2800 Uncommon trap: reason=unstable_if action=reinterpret pc=0x0000000002db4a3c method=java.util.HashMap$HashIterator.nextNode()Ljava/util/HashMap$Node; @ 74
Event: 1.743 Thread 0x0000000002ab2800 Uncommon trap: reason=unstable_if action=reinterpret pc=0x0000000002d9a364 method=java.util.HashMap.getNode(ILjava/lang/Object;)Ljava/util/HashMap$Node; @ 49
Event: 2.351 Thread 0x0000000002ab2800 Uncommon trap: reason=predicate action=maybe_recompile pc=0x0000000002e3d9b8 method=AutoCorrect.levenshteinDist(Ljava/lang/String;Ljava/lang/String;)I @ 93
Event: 2.391 Thread 0x0000000002ab2800 Uncommon trap: reason=range_check action=make_not_entrant pc=0x0000000002e3a210 method=AutoCorrect.levenshteinDist(Ljava/lang/String;Ljava/lang/String;)I @ 109
Event: 4.422 Thread 0x0000000002ab2800 Uncommon trap: reason=unstable_if action=reinterpret pc=0x0000000002e4a468 method=AutoCorrect.getBestLevensteins(Ljava/lang/String;)I @ 82
Event: 4.896 Thread 0x0000000002ab2800 Uncommon trap: reason=unstable_if action=reinterpret pc=0x0000000002e55548 method=AutoCorrect.getBestLevensteins(Ljava/lang/String;)I @ 54

Internal exceptions (10 events):
Event: 0.098 Thread 0x0000000002ab2800 Exception <a 'java/lang/NoSuchMethodError': Method sun.misc.Unsafe.defineClass(Ljava/lang/String;[BII)Ljava/lang/Class; name or signature does not match> (0x00000000eb30e480) thrown at [C:\re\workspace\8-2-build-windows-amd64-cygwin\jdk8u60\4407\hotspot\srÍnÓ¹?
Event: 0.098 Thread 0x0000000002ab2800 Exception <a 'java/lang/NoSuchMethodError': Method sun.misc.Unsafe.prefetchRead(Ljava/lang/Object;J)V name or signature does not match> (0x00000000eb30e768) thrown at [C:\re\workspace\8-2-build-windows-amd64-cygwin\jdk8u60\4407\hotspot\src\share\vm\prims\j
Event: 0.505 Thread 0x0000000002ab2800 Exception <a 'java/security/PrivilegedActionException'> (0x00000000eb46b580) thrown at [C:\re\workspace\8-2-build-windows-amd64-cygwin\jdk8u60\4407\hotspot\src\share\vm\prims\jvm.cpp, line 1386]
Event: 0.505 Thread 0x0000000002ab2800 Exception <a 'java/security/PrivilegedActionException'> (0x00000000eb46b978) thrown at [C:\re\workspace\8-2-build-windows-amd64-cygwin\jdk8u60\4407\hotspot\src\share\vm\prims\jvm.cpp, line 1386]
Event: 0.507 Thread 0x0000000002ab2800 Exception <a 'java/security/PrivilegedActionException'> (0x00000000eb46f9a8) thrown at [C:\re\workspace\8-2-build-windows-amd64-cygwin\jdk8u60\4407\hotspot\src\share\vm\prims\jvm.cpp, line 1386]
Event: 0.507 Thread 0x0000000002ab2800 Exception <a 'java/security/PrivilegedActionException'> (0x00000000eb46fda0) thrown at [C:\re\workspace\8-2-build-windows-amd64-cygwin\jdk8u60\4407\hotspot\src\share\vm\prims\jvm.cpp, line 1386]
Event: 1.721 Thread 0x0000000002ab2800 Exception <a 'java/lang/NoSuchFieldError': method resolution failed> (0x00000000ee6c0208) thrown at [C:\re\workspace\8-2-build-windows-amd64-cygwin\jdk8u60\4407\hotspot\src\share\vm\prims\methodHandles.cpp, line 1146]
Event: 1.727 Thread 0x0000000002ab2800 Exception <a 'java/lang/NoSuchFieldError': method resolution failed> (0x00000000ee6cd5a8) thrown at [C:\re\workspace\8-2-build-windows-amd64-cygwin\jdk8u60\4407\hotspot\src\share\vm\prims\methodHandles.cpp, line 1146]
Event: 4.896 Thread 0x0000000002ab2800 Implicit null exception at 0x0000000002e5484a to 0x0000000002e55529
Event: 7.863 Thread 0x0000000002ab2800 Exception <a 'java/lang/NoSuchMethodError': java.lang.Object.lambda$comparingByValue$1065357e$1(Ljava/util/Map$Entry;Ljava/util/Map$Entry;)I> (0x00000000ed4bb488) thrown at [C:\re\workspace\8-2-build-windows-amd64-cygwin\jdk8u60\4407\hotspot\src\share\vm\i

Events (10 events):
Event: 41.330 Executing VM operation: GetOrSetLocal
Event: 41.330 Executing VM operation: GetOrSetLocal done
Event: 231.981 Executing VM operation: ChangeBreakpoints
Event: 231.981 Executing VM operation: ChangeBreakpoints done
Event: 231.981 Executing VM operation: ChangeBreakpoints
Event: 231.981 Executing VM operation: ChangeBreakpoints done
Event: 231.990 Executing VM operation: RedefineClasses
Event: 232.020 Executing VM operation: RedefineClasses done
Event: 232.027 Executing VM operation: GetOrSetLocal
Event: 232.027 Executing VM operation: GetOrSetLocal done


Dynamic libraries:
0x00007ff738b40000 - 0x00007ff738b77000 	C:\Program Files\Java\jdk1.8.0_60\bin\java.exe
0x00007fff70d70000 - 0x00007fff70f1d000 	C:\Windows\SYSTEM32\ntdll.dll
0x00007fff70080000 - 0x00007fff701be000 	C:\Windows\system32\KERNEL32.DLL
0x00007fff6e270000 - 0x00007fff6e386000 	C:\Windows\system32\KERNELBASE.dll
0x00007fff6c550000 - 0x00007fff6c5de000 	C:\Windows\system32\apphelp.dll
0x00007fff695d0000 - 0x00007fff69624000 	C:\Windows\AppPatch\AppPatch64\AcGenral.DLL
0x00007fff706c0000 - 0x00007fff7076a000 	C:\Windows\system32\msvcrt.dll
0x00007fff6df60000 - 0x00007fff6df8e000 	C:\Windows\system32\SspiCli.dll
0x00007fff70bc0000 - 0x00007fff70c14000 	C:\Windows\system32\SHLWAPI.dll
0x00007fff70770000 - 0x00007fff708e7000 	C:\Windows\system32\USER32.dll
0x00007fff6fed0000 - 0x00007fff70064000 	C:\Windows\system32\ole32.dll
0x00007fff6e770000 - 0x00007fff6fc9b000 	C:\Windows\system32\SHELL32.dll
0x00007fff6d760000 - 0x00007fff6d781000 	C:\Windows\SYSTEM32\USERENV.dll
0x00007fff70c20000 - 0x00007fff70cca000 	C:\Windows\system32\ADVAPI32.dll
0x00007fff55560000 - 0x00007fff5557e000 	C:\Windows\SYSTEM32\MPR.dll
0x00007fff6e630000 - 0x00007fff6e770000 	C:\Windows\system32\RPCRT4.dll
0x00007fff70cd0000 - 0x00007fff70d29000 	C:\Windows\SYSTEM32\sechost.dll
0x00007fff6e400000 - 0x00007fff6e612000 	C:\Windows\SYSTEM32\combase.dll
0x00007fff704b0000 - 0x00007fff705fc000 	C:\Windows\system32\GDI32.dll
0x00007fff6de90000 - 0x00007fff6dea5000 	C:\Windows\SYSTEM32\profapi.dll
0x00007fff6bcd0000 - 0x00007fff6bd82000 	C:\Windows\SYSTEM32\SHCORE.dll
0x00007fff70d30000 - 0x00007fff70d66000 	C:\Windows\system32\IMM32.DLL
0x00007fff6fd70000 - 0x00007fff6fec1000 	C:\Windows\system32\MSCTF.dll
0x00007fff6b320000 - 0x00007fff6b59b000 	C:\Windows\WinSxS\amd64_microsoft.windows.common-controls_6595b64144ccf1df_6.0.9600.18006_none_623f33d3ecbe86e8\COMCTL32.dll
0x000000006f890000 - 0x000000006f962000 	C:\Program Files\Java\jdk1.8.0_60\jre\bin\msvcr100.dll
0x000000006e4b0000 - 0x000000006ed39000 	C:\Program Files\Java\jdk1.8.0_60\jre\bin\server\jvm.dll
0x00007fff68ae0000 - 0x00007fff68ae9000 	C:\Windows\SYSTEM32\WSOCK32.dll
0x00007fff658f0000 - 0x00007fff65912000 	C:\Windows\SYSTEM32\WINMM.dll
0x00007fff64500000 - 0x00007fff6450a000 	C:\Windows\SYSTEM32\VERSION.dll
0x00007fff6e620000 - 0x00007fff6e627000 	C:\Windows\system32\PSAPI.DLL
0x00007fff70980000 - 0x00007fff709da000 	C:\Windows\system32\WS2_32.dll
0x00007fff658c0000 - 0x00007fff658ea000 	C:\Windows\SYSTEM32\WINMMBASE.dll
0x00007fff70070000 - 0x00007fff70079000 	C:\Windows\system32\NSI.dll
0x00007fff6e220000 - 0x00007fff6e26f000 	C:\Windows\SYSTEM32\cfgmgr32.dll
0x00007fff6caf0000 - 0x00007fff6cb18000 	C:\Windows\SYSTEM32\DEVOBJ.dll
0x000000006f880000 - 0x000000006f88f000 	C:\Program Files\Java\jdk1.8.0_60\jre\bin\verify.dll
0x000000006f850000 - 0x000000006f879000 	C:\Program Files\Java\jdk1.8.0_60\jre\bin\java.dll
0x000000006f810000 - 0x000000006f845000 	C:\Program Files\Java\jdk1.8.0_60\jre\bin\jdwp.dll
0x000000006f800000 - 0x000000006f808000 	C:\Program Files\Java\jdk1.8.0_60\jre\bin\npt.dll
0x000000006f7e0000 - 0x000000006f7f6000 	C:\Program Files\Java\jdk1.8.0_60\jre\bin\zip.dll
0x000000006f7d0000 - 0x000000006f7d9000 	C:\Program Files\Java\jdk1.8.0_60\jre\bin\dt_socket.dll
0x00007fff6d6e0000 - 0x00007fff6d739000 	C:\Windows\system32\mswsock.dll
0x000000006f7b0000 - 0x000000006f7ca000 	C:\Program Files\Java\jdk1.8.0_60\jre\bin\net.dll
0x000000006f790000 - 0x000000006f7a1000 	C:\Program Files\Java\jdk1.8.0_60\jre\bin\nio.dll
0x00007fff62d00000 - 0x00007fff62e89000 	C:\Windows\SYSTEM32\dbghelp.dll

VM Arguments:
jvm_args: -agentlib:jdwp=transport=dt_socket,address=127.0.0.1:63198,suspend=y,server=n -Dfile.encoding=UTF-8 
java_command: AutoCorrect
java_class_path (initial): C:\Program Files\Java\jdk1.8.0_60\jre\lib\charsets.jar;C:\Program Files\Java\jdk1.8.0_60\jre\lib\deploy.jar;C:\Program Files\Java\jdk1.8.0_60\jre\lib\ext\access-bridge-64.jar;C:\Program Files\Java\jdk1.8.0_60\jre\lib\ext\cldrdata.jar;C:\Program Files\Java\jdk1.8.0_60\jre\lib\ext\dnsns.jar;C:\Program Files\Java\jdk1.8.0_60\jre\lib\ext\jaccess.jar;C:\Program Files\Java\jdk1.8.0_60\jre\lib\ext\jfxrt.jar;C:\Program Files\Java\jdk1.8.0_60\jre\lib\ext\localedata.jar;C:\Program Files\Java\jdk1.8.0_60\jre\lib\ext\nashorn.jar;C:\Program Files\Java\jdk1.8.0_60\jre\lib\ext\sunec.jar;C:\Program Files\Java\jdk1.8.0_60\jre\lib\ext\sunjce_provider.jar;C:\Program Files\Java\jdk1.8.0_60\jre\lib\ext\sunmscapi.jar;C:\Program Files\Java\jdk1.8.0_60\jre\lib\ext\sunpkcs11.jar;C:\Program Files\Java\jdk1.8.0_60\jre\lib\ext\zipfs.jar;C:\Program Files\Java\jdk1.8.0_60\jre\lib\javaws.jar;C:\Program Files\Java\jdk1.8.0_60\jre\lib\jce.jar;C:\Program Files\Java\jdk1.8.0_60\jre\lib\jfr.jar;C:\Program Files\Java\jdk1.8.0_60\jre\lib\jfxswt.jar;C:\Program Files\Java\jdk1.8.0_60\jre\lib\jsse.jar;C:\Program Files\Java\jdk1.8.0_60\jre\lib\management-agent.jar;C:\Program Files\Java\jdk1.8.0_60\jre\lib\plugin.jar;C:\Program Files\Java\jdk1.8.0_60\jre\lib\resources.jar;C:\Program Files\Java\jdk1.8.0_60\jre\lib\rt.jar;C:\Users\zalcmei\Documents\work\Interviews\paykey\payKeyAutoCorrect\out\production\payKeyAutoCorrect;C:\Program Files (x86)\JetBrains\IntelliJ IDEA Community Edition 15.0.4\lib\idea_rt.jar
Launcher Type: SUN_STANDARD

Environment Variables:
JAVA_HOME=C:\Program Files\Java\jdk1.8.0_60
PATH=C:\Program Files (x86)\Intel\iCLS Client\;C:\Program Files\Intel\iCLS Client\;C:\Windows\system32;C:\Windows;C:\Windows\System32\Wbem;C:\Windows\System32\WindowsPowerShell\v1.0\;C:\Program Files\Intel\Intel(R) Management Engine Components\DAL;C:\Program Files (x86)\Intel\Intel(R) Management Engine Components\DAL;C:\Program Files\Intel\Intel(R) Management Engine Components\IPT;C:\Program Files (x86)\Intel\Intel(R) Management Engine Components\IPT;C:\Program Files\Intel\WiFi\bin\;C:\Program Files\Common Files\Intel\WirelessCommon\;C:\Program Files (x86)\Skype\Phone\;C:\Program Files\MATLAB\R2015b\runtime\win64;C:\Program Files\MATLAB\R2015b\bin;C:\Program Files (x86)\MiKTeX 2.9\miktex\bin\;C:\Program Files (x86)\LyX 2.2\Perl\bin;c:\Program Files (x86)\Microsoft SQL Server\100\Tools\Binn\;c:\Program Files (x86)\Microsoft SQL Server\100\DTS\Binn\;%ANT_HOME%;%JAVA_HOME%;C:\Program Files (x86)\Windows Kits\8.1\Windows Performance Toolkit\;C:\Program Files\Amazon\AWSCLI\bin\;C:\Program Files\Java\jdk1.8.0_60\bin;C:\Users\zalcmei\AppData\Local\GitHubDesktop\bin
USERNAME=zalcmei
OS=Windows_NT
PROCESSOR_IDENTIFIER=Intel64 Family 6 Model 61 Stepping 4, GenuineIntel



---------------  S Y S T E M  ---------------

OS: Windows 8.1 , 64 bit Build 9600 (6.3.9600.17415)

CPU:total 4 (2 cores per cpu, 2 threads per core) family 6 model 61 stepping 4, cmov, cx8, fxsr, mmx, sse, sse2, sse3, ssse3, sse4.1, sse4.2, popcnt, avx, avx2, aes, clmul, erms, 3dnowpref, lzcnt, ht, tsc, tscinvbit, bmi1, bmi2, adx

Memory: 4k page, physical 4095060k(716844k free), swap 12368140k(1781044k free)

vm_info: Java HotSpot(TM) 64-Bit Server VM (25.60-b23) for windows-amd64 JRE (1.8.0_60-b27), built on Aug  4 2015 11:06:27 by "java_re" with MS VC++ 10.0 (VS2010)

time: Sun Nov 04 17:57:29 2018
elapsed time: 232 seconds (0d 0h 3m 52s)

